android/app/build/intermediates/manifest_merge_blame_file/debug/manifest-merger-blame-debug-report.txt
1<?xml version="1.0" encoding="utf-8"?>
2<manifest xmlns:android="http://schemas.android.com/apk/res/android"
3    package="com.example.bus_app"
4    android:versionCode="1"
5    android:versionName="1.0.0" >
6
7    <uses-sdk
8        android:minSdkVersion="21"
9        android:targetSdkVersion="34" />
10    <!--
11         The INTERNET permission is required for development. Specifically,
12         the Flutter tool needs it to communicate with the running application
13         to allow setting breakpoints, to provide hot reload, etc.
14    -->
15    <uses-permission android:name="android.permission.INTERNET" />
15-->src\debug\AndroidManifest.xml:6:5-66
15-->src\debug\AndroidManifest.xml:6:22-64
16    <uses-permission android:name="android.permission.FOREGROUND_SERVICE" />
16-->src\main\AndroidManifest.xml:2:5-77
16-->src\main\AndroidManifest.xml:2:22-74
17    <uses-permission android:name="android.permission.ACCESS_BACKGROUND_LOCATION" />
17-->src\main\AndroidManifest.xml:3:5-84
17-->src\main\AndroidManifest.xml:3:22-82
18    <!--
19 Required to query activities that can process text, see:
20         https://developer.android.com/training/package-visibility?hl=en and
21         https://developer.android.com/reference/android/content/Intent#ACTION_PROCESS_TEXT.
22
23         In particular, this is used by the Flutter engine in io.flutter.plugin.text.ProcessTextPlugin.
24    -->
25    <queries>
25-->src\main\AndroidManifest.xml:42:5-47:15
26        <intent>
26-->src\main\AndroidManifest.xml:43:9-46:18
27            <action android:name="android.intent.action.PROCESS_TEXT" />
27-->src\main\AndroidManifest.xml:44:13-72
27-->src\main\AndroidManifest.xml:44:21-70
28
29            <data android:mimeType="text/plain" />
29-->src\main\AndroidManifest.xml:45:13-50
29-->src\main\AndroidManifest.xml:45:19-48
30        </intent>
31        <!-- Needs to be explicitly declared on Android R+ -->
32        <package android:name="com.google.android.apps.maps" />
32-->[com.google.android.gms:play-services-maps:18.2.0] AndroidManifest.xml:33:9-64
32-->[com.google.android.gms:play-services-maps:18.2.0] AndroidManifest.xml:33:18-61
33    </queries>
34
35    <uses-permission android:name="android.permission.RECEIVE_BOOT_COMPLETED" />
35-->[:flutter_background_service_android] AndroidManifest.xml:10:5-81
35-->[:flutter_background_service_android] AndroidManifest.xml:10:22-78
36    <uses-permission android:name="android.permission.WAKE_LOCK" />
36-->[:flutter_background_service_android] AndroidManifest.xml:11:5-68
36-->[:flutter_background_service_android] AndroidManifest.xml:11:22-65
37    <uses-permission android:name="android.permission.VIBRATE" />
37-->[:flutter_local_notifications] AndroidManifest.xml:9:5-66
37-->[:flutter_local_notifications] AndroidManifest.xml:9:22-63
38    <uses-permission android:name="android.permission.POST_NOTIFICATIONS" />
38-->[:flutter_local_notifications] AndroidManifest.xml:10:5-77
38-->[:flutter_local_notifications] AndroidManifest.xml:10:22-74
39    <uses-permission android:name="android.permission.ACCESS_COARSE_LOCATION" />
39-->[:location] AndroidManifest.xml:9:5-81
39-->[:location] AndroidManifest.xml:9:22-78
40    <uses-permission android:name="android.permission.ACCESS_FINE_LOCATION" />
40-->[:location] AndroidManifest.xml:10:5-79
40-->[:location] AndroidManifest.xml:10:22-76
41    <uses-permission android:name="android.permission.ACCESS_NETWORK_STATE" />
41-->[androidx.work:work-runtime:2.8.1] AndroidManifest.xml:24:5-79
41-->[androidx.work:work-runtime:2.8.1] AndroidManifest.xml:24:22-76
42
43    <uses-feature
43-->[com.google.android.gms:play-services-maps:18.2.0] AndroidManifest.xml:26:5-28:35
44        android:glEsVersion="0x00020000"
44-->[com.google.android.gms:play-services-maps:18.2.0] AndroidManifest.xml:27:9-41
45        android:required="true" />
45-->[com.google.android.gms:play-services-maps:18.2.0] AndroidManifest.xml:28:9-32
46
47    <permission
47-->[androidx.core:core:1.13.1] AndroidManifest.xml:22:5-24:47
48        android:name="com.example.bus_app.DYNAMIC_RECEIVER_NOT_EXPORTED_PERMISSION"
48-->[androidx.core:core:1.13.1] AndroidManifest.xml:23:9-81
49        android:protectionLevel="signature" />
49-->[androidx.core:core:1.13.1] AndroidManifest.xml:24:9-44
50
51    <uses-permission android:name="com.example.bus_app.DYNAMIC_RECEIVER_NOT_EXPORTED_PERMISSION" />
51-->[androidx.core:core:1.13.1] AndroidManifest.xml:26:5-97
51-->[androidx.core:core:1.13.1] AndroidManifest.xml:26:22-94
52
53    <application
54        android:name="android.app.Application"
55        android:appComponentFactory="androidx.core.app.CoreComponentFactory"
55-->[androidx.core:core:1.13.1] AndroidManifest.xml:28:18-86
56        android:debuggable="true"
57        android:icon="@mipmap/ic_launcher"
58        android:label="bus_app" >
59        <activity
60            android:name="com.example.bus_app.MainActivity"
61            android:configChanges="orientation|keyboardHidden|keyboard|screenSize|smallestScreenSize|locale|layoutDirection|fontScale|screenLayout|density|uiMode"
62            android:exported="true"
63            android:hardwareAccelerated="true"
64            android:launchMode="singleTop"
65            android:theme="@style/LaunchTheme"
66            android:windowSoftInputMode="adjustResize" >
67
68            <!--
69                 Specifies an Android theme to apply to this Activity as soon as
70                 the Android process has started. This theme is visible to the user
71                 while the Flutter UI initializes. After that, this theme continues
72                 to determine the Window background behind the Flutter UI.
73            -->
74            <meta-data
75                android:name="io.flutter.embedding.android.NormalTheme"
76                android:resource="@style/NormalTheme" />
77
78            <intent-filter>
79                <action android:name="android.intent.action.MAIN" />
80
81                <category android:name="android.intent.category.LAUNCHER" />
82            </intent-filter>
83        </activity>
84        <!--
85             Don't delete the meta-data below.
86             This is used by the Flutter tool to generate GeneratedPluginRegistrant.java
87        -->
88        <meta-data
89            android:name="flutterEmbedding"
90            android:value="2" />
91        <meta-data
92            android:name="com.google.android.geo.API_KEY"
93            android:value="AIzaSyB0uXZuJzH4WrnWM9489zkK07B_yZGoTyo" />
94
95        <service
95-->[:flutter_background_service_android] AndroidManifest.xml:14:9-18:44
96            android:name="id.flutter.flutter_background_service.BackgroundService"
96-->[:flutter_background_service_android] AndroidManifest.xml:15:13-83
97            android:enabled="true"
97-->[:flutter_background_service_android] AndroidManifest.xml:16:13-35
98            android:exported="true"
98-->[:flutter_background_service_android] AndroidManifest.xml:17:13-36
99            android:stopWithTask="false" />
99-->[:flutter_background_service_android] AndroidManifest.xml:18:13-41
100
101        <receiver
101-->[:flutter_background_service_android] AndroidManifest.xml:20:9-23:39
102            android:name="id.flutter.flutter_background_service.WatchdogReceiver"
102-->[:flutter_background_service_android] AndroidManifest.xml:21:13-82
103            android:enabled="true"
103-->[:flutter_background_service_android] AndroidManifest.xml:22:13-35
104            android:exported="true" />
104-->[:flutter_background_service_android] AndroidManifest.xml:23:13-36
105        <receiver
105-->[:flutter_background_service_android] AndroidManifest.xml:24:9-33:20
106            android:name="id.flutter.flutter_background_service.BootReceiver"
106-->[:flutter_background_service_android] AndroidManifest.xml:25:13-78
107            android:enabled="true"
107-->[:flutter_background_service_android] AndroidManifest.xml:26:13-35
108            android:exported="true" >
108-->[:flutter_background_service_android] AndroidManifest.xml:27:13-36
109            <intent-filter>
109-->[:flutter_background_service_android] AndroidManifest.xml:28:13-32:29
110                <action android:name="android.intent.action.BOOT_COMPLETED" />
110-->[:flutter_background_service_android] AndroidManifest.xml:29:17-79
110-->[:flutter_background_service_android] AndroidManifest.xml:29:25-76
111                <action android:name="android.intent.action.QUICKBOOT_POWERON" />
111-->[:flutter_background_service_android] AndroidManifest.xml:30:17-82
111-->[:flutter_background_service_android] AndroidManifest.xml:30:25-79
112                <action android:name="android.intent.action.MY_PACKAGE_REPLACED" />
112-->[:flutter_background_service_android] AndroidManifest.xml:31:17-84
112-->[:flutter_background_service_android] AndroidManifest.xml:31:25-81
113            </intent-filter>
114        </receiver>
115
116        <service
116-->[:location] AndroidManifest.xml:13:9-17:56
117            android:name="com.lyokone.location.FlutterLocationService"
117-->[:location] AndroidManifest.xml:14:13-71
118            android:enabled="true"
118-->[:location] AndroidManifest.xml:15:13-35
119            android:exported="false"
119-->[:location] AndroidManifest.xml:16:13-37
120            android:foregroundServiceType="location" />
120-->[:location] AndroidManifest.xml:17:13-53
121
122        <provider
122-->[androidx.work:work-runtime:2.8.1] AndroidManifest.xml:29:9-37:20
123            android:name="androidx.startup.InitializationProvider"
123-->[androidx.work:work-runtime:2.8.1] AndroidManifest.xml:30:13-67
124            android:authorities="com.example.bus_app.androidx-startup"
124-->[androidx.work:work-runtime:2.8.1] AndroidManifest.xml:31:13-68
125            android:exported="false" >
125-->[androidx.work:work-runtime:2.8.1] AndroidManifest.xml:32:13-37
126            <meta-data
126-->[androidx.work:work-runtime:2.8.1] AndroidManifest.xml:34:13-36:52
127                android:name="androidx.work.WorkManagerInitializer"
127-->[androidx.work:work-runtime:2.8.1] AndroidManifest.xml:35:17-68
128                android:value="androidx.startup" />
128-->[androidx.work:work-runtime:2.8.1] AndroidManifest.xml:36:17-49
129            <meta-data
129-->[androidx.lifecycle:lifecycle-process:2.7.0] AndroidManifest.xml:29:13-31:52
130                android:name="androidx.lifecycle.ProcessLifecycleInitializer"
130-->[androidx.lifecycle:lifecycle-process:2.7.0] AndroidManifest.xml:30:17-78
131                android:value="androidx.startup" />
131-->[androidx.lifecycle:lifecycle-process:2.7.0] AndroidManifest.xml:31:17-49
132            <meta-data
132-->[androidx.profileinstaller:profileinstaller:1.3.1] AndroidManifest.xml:29:13-31:52
133                android:name="androidx.profileinstaller.ProfileInstallerInitializer"
133-->[androidx.profileinstaller:profileinstaller:1.3.1] AndroidManifest.xml:30:17-85
134                android:value="androidx.startup" />
134-->[androidx.profileinstaller:profileinstaller:1.3.1] AndroidManifest.xml:31:17-49
135        </provider>
136
137        <service
137-->[androidx.work:work-runtime:2.8.1] AndroidManifest.xml:39:9-45:35
138            android:name="androidx.work.impl.background.systemalarm.SystemAlarmService"
138-->[androidx.work:work-runtime:2.8.1] AndroidManifest.xml:40:13-88
139            android:directBootAware="false"
139-->[androidx.work:work-runtime:2.8.1] AndroidManifest.xml:41:13-44
140            android:enabled="@bool/enable_system_alarm_service_default"
140-->[androidx.work:work-runtime:2.8.1] AndroidManifest.xml:42:13-72
141            android:exported="false" />
141-->[androidx.work:work-runtime:2.8.1] AndroidManifest.xml:43:13-37
142        <service
142-->[androidx.work:work-runtime:2.8.1] AndroidManifest.xml:46:9-52:35
143            android:name="androidx.work.impl.background.systemjob.SystemJobService"
143-->[androidx.work:work-runtime:2.8.1] AndroidManifest.xml:47:13-84
144            android:directBootAware="false"
144-->[androidx.work:work-runtime:2.8.1] AndroidManifest.xml:48:13-44
145            android:enabled="@bool/enable_system_job_service_default"
145-->[androidx.work:work-runtime:2.8.1] AndroidManifest.xml:49:13-70
146            android:exported="true"
146-->[androidx.work:work-runtime:2.8.1] AndroidManifest.xml:50:13-36
147            android:permission="android.permission.BIND_JOB_SERVICE" />
147-->[androidx.work:work-runtime:2.8.1] AndroidManifest.xml:51:13-69
148        <service
148-->[androidx.work:work-runtime:2.8.1] AndroidManifest.xml:53:9-59:35
149            android:name="androidx.work.impl.foreground.SystemForegroundService"
149-->[androidx.work:work-runtime:2.8.1] AndroidManifest.xml:54:13-81
150            android:directBootAware="false"
150-->[androidx.work:work-runtime:2.8.1] AndroidManifest.xml:55:13-44
151            android:enabled="@bool/enable_system_foreground_service_default"
151-->[androidx.work:work-runtime:2.8.1] AndroidManifest.xml:56:13-77
152            android:exported="false" />
152-->[androidx.work:work-runtime:2.8.1] AndroidManifest.xml:57:13-37
153
154        <receiver
154-->[androidx.work:work-runtime:2.8.1] AndroidManifest.xml:61:9-66:35
155            android:name="androidx.work.impl.utils.ForceStopRunnable$BroadcastReceiver"
155-->[androidx.work:work-runtime:2.8.1] AndroidManifest.xml:62:13-88
156            android:directBootAware="false"
156-->[androidx.work:work-runtime:2.8.1] AndroidManifest.xml:63:13-44
157            android:enabled="true"
157-->[androidx.work:work-runtime:2.8.1] AndroidManifest.xml:64:13-35
158            android:exported="false" />
158-->[androidx.work:work-runtime:2.8.1] AndroidManifest.xml:65:13-37
159        <receiver
159-->[androidx.work:work-runtime:2.8.1] AndroidManifest.xml:67:9-77:20
160            android:name="androidx.work.impl.background.systemalarm.ConstraintProxy$BatteryChargingProxy"
160-->[androidx.work:work-runtime:2.8.1] AndroidManifest.xml:68:13-106
161            android:directBootAware="false"
161-->[androidx.work:work-runtime:2.8.1] AndroidManifest.xml:69:13-44
162            android:enabled="false"
162-->[androidx.work:work-runtime:2.8.1] AndroidManifest.xml:70:13-36
163            android:exported="false" >
163-->[androidx.work:work-runtime:2.8.1] AndroidManifest.xml:71:13-37
164            <intent-filter>
164-->[androidx.work:work-runtime:2.8.1] AndroidManifest.xml:73:13-76:29
165                <action android:name="android.intent.action.ACTION_POWER_CONNECTED" />
165-->[androidx.work:work-runtime:2.8.1] AndroidManifest.xml:74:17-87
165-->[androidx.work:work-runtime:2.8.1] AndroidManifest.xml:74:25-84
166                <action android:name="android.intent.action.ACTION_POWER_DISCONNECTED" />
166-->[androidx.work:work-runtime:2.8.1] AndroidManifest.xml:75:17-90
166-->[androidx.work:work-runtime:2.8.1] AndroidManifest.xml:75:25-87
167            </intent-filter>
168        </receiver>
169        <receiver
169-->[androidx.work:work-runtime:2.8.1] AndroidManifest.xml:78:9-88:20
170            android:name="androidx.work.impl.background.systemalarm.ConstraintProxy$BatteryNotLowProxy"
170-->[androidx.work:work-runtime:2.8.1] AndroidManifest.xml:79:13-104
171            android:directBootAware="false"
171-->[androidx.work:work-runtime:2.8.1] AndroidManifest.xml:80:13-44
172            android:enabled="false"
172-->[androidx.work:work-runtime:2.8.1] AndroidManifest.xml:81:13-36
173            android:exported="false" >
173-->[androidx.work:work-runtime:2.8.1] AndroidManifest.xml:82:13-37
174            <intent-filter>
174-->[androidx.work:work-runtime:2.8.1] AndroidManifest.xml:84:13-87:29
175                <action android:name="android.intent.action.BATTERY_OKAY" />
175-->[androidx.work:work-runtime:2.8.1] AndroidManifest.xml:85:17-77
175-->[androidx.work:work-runtime:2.8.1] AndroidManifest.xml:85:25-74
176                <action android:name="android.intent.action.BATTERY_LOW" />
176-->[androidx.work:work-runtime:2.8.1] AndroidManifest.xml:86:17-76
176-->[androidx.work:work-runtime:2.8.1] AndroidManifest.xml:86:25-73
177            </intent-filter>
178        </receiver>
179        <receiver
179-->[androidx.work:work-runtime:2.8.1] AndroidManifest.xml:89:9-99:20
180            android:name="androidx.work.impl.background.systemalarm.ConstraintProxy$StorageNotLowProxy"
180-->[androidx.work:work-runtime:2.8.1] AndroidManifest.xml:90:13-104
181            android:directBootAware="false"
181-->[androidx.work:work-runtime:2.8.1] AndroidManifest.xml:91:13-44
182            android:enabled="false"
182-->[androidx.work:work-runtime:2.8.1] AndroidManifest.xml:92:13-36
183            android:exported="false" >
183-->[androidx.work:work-runtime:2.8.1] AndroidManifest.xml:93:13-37
184            <intent-filter>
184-->[androidx.work:work-runtime:2.8.1] AndroidManifest.xml:95:13-98:29
185                <action android:name="android.intent.action.DEVICE_STORAGE_LOW" />
185-->[androidx.work:work-runtime:2.8.1] AndroidManifest.xml:96:17-83
185-->[androidx.work:work-runtime:2.8.1] AndroidManifest.xml:96:25-80
186                <action android:name="android.intent.action.DEVICE_STORAGE_OK" />
186-->[androidx.work:work-runtime:2.8.1] AndroidManifest.xml:97:17-82
186-->[androidx.work:work-runtime:2.8.1] AndroidManifest.xml:97:25-79
187            </intent-filter>
188        </receiver>
189        <receiver
189-->[androidx.work:work-runtime:2.8.1] AndroidManifest.xml:100:9-109:20
190            android:name="androidx.work.impl.background.systemalarm.ConstraintProxy$NetworkStateProxy"
190-->[androidx.work:work-runtime:2.8.1] AndroidManifest.xml:101:13-103
191            android:directBootAware="false"
191-->[androidx.work:work-runtime:2.8.1] AndroidManifest.xml:102:13-44
192            android:enabled="false"
192-->[androidx.work:work-runtime:2.8.1] AndroidManifest.xml:103:13-36
193            android:exported="false" >
193-->[androidx.work:work-runtime:2.8.1] AndroidManifest.xml:104:13-37
194            <intent-filter>
194-->[androidx.work:work-runtime:2.8.1] AndroidManifest.xml:106:13-108:29
195                <action android:name="android.net.conn.CONNECTIVITY_CHANGE" />
195-->[androidx.work:work-runtime:2.8.1] AndroidManifest.xml:107:17-79
195-->[androidx.work:work-runtime:2.8.1] AndroidManifest.xml:107:25-76
196            </intent-filter>
197        </receiver>
198        <receiver
198-->[androidx.work:work-runtime:2.8.1] AndroidManifest.xml:110:9-121:20
199            android:name="androidx.work.impl.background.systemalarm.RescheduleReceiver"
199-->[androidx.work:work-runtime:2.8.1] AndroidManifest.xml:111:13-88
200            android:directBootAware="false"
200-->[androidx.work:work-runtime:2.8.1] AndroidManifest.xml:112:13-44
201            android:enabled="false"
201-->[androidx.work:work-runtime:2.8.1] AndroidManifest.xml:113:13-36
202            android:exported="false" >
202-->[androidx.work:work-runtime:2.8.1] AndroidManifest.xml:114:13-37
203            <intent-filter>
203-->[androidx.work:work-runtime:2.8.1] AndroidManifest.xml:116:13-120:29
204                <action android:name="android.intent.action.BOOT_COMPLETED" />
204-->[:flutter_background_service_android] AndroidManifest.xml:29:17-79
204-->[:flutter_background_service_android] AndroidManifest.xml:29:25-76
205                <action android:name="android.intent.action.TIME_SET" />
205-->[androidx.work:work-runtime:2.8.1] AndroidManifest.xml:118:17-73
205-->[androidx.work:work-runtime:2.8.1] AndroidManifest.xml:118:25-70
206                <action android:name="android.intent.action.TIMEZONE_CHANGED" />
206-->[androidx.work:work-runtime:2.8.1] AndroidManifest.xml:119:17-81
206-->[androidx.work:work-runtime:2.8.1] AndroidManifest.xml:119:25-78
207            </intent-filter>
208        </receiver>
209        <receiver
209-->[androidx.work:work-runtime:2.8.1] AndroidManifest.xml:122:9-131:20
210            android:name="androidx.work.impl.background.systemalarm.ConstraintProxyUpdateReceiver"
210-->[androidx.work:work-runtime:2.8.1] AndroidManifest.xml:123:13-99
211            android:directBootAware="false"
211-->[androidx.work:work-runtime:2.8.1] AndroidManifest.xml:124:13-44
212            android:enabled="@bool/enable_system_alarm_service_default"
212-->[androidx.work:work-runtime:2.8.1] AndroidManifest.xml:125:13-72
213            android:exported="false" >
213-->[androidx.work:work-runtime:2.8.1] AndroidManifest.xml:126:13-37
214            <intent-filter>
214-->[androidx.work:work-runtime:2.8.1] AndroidManifest.xml:128:13-130:29
215                <action android:name="androidx.work.impl.background.systemalarm.UpdateProxies" />
215-->[androidx.work:work-runtime:2.8.1] AndroidManifest.xml:129:17-98
215-->[androidx.work:work-runtime:2.8.1] AndroidManifest.xml:129:25-95
216            </intent-filter>
217        </receiver>
218        <receiver
218-->[androidx.work:work-runtime:2.8.1] AndroidManifest.xml:132:9-142:20
219            android:name="androidx.work.impl.diagnostics.DiagnosticsReceiver"
219-->[androidx.work:work-runtime:2.8.1] AndroidManifest.xml:133:13-78
220            android:directBootAware="false"
220-->[androidx.work:work-runtime:2.8.1] AndroidManifest.xml:134:13-44
221            android:enabled="true"
221-->[androidx.work:work-runtime:2.8.1] AndroidManifest.xml:135:13-35
222            android:exported="true"
222-->[androidx.work:work-runtime:2.8.1] AndroidManifest.xml:136:13-36
223            android:permission="android.permission.DUMP" >
223-->[androidx.work:work-runtime:2.8.1] AndroidManifest.xml:137:13-57
224            <intent-filter>
224-->[androidx.work:work-runtime:2.8.1] AndroidManifest.xml:139:13-141:29
225                <action android:name="androidx.work.diagnostics.REQUEST_DIAGNOSTICS" />
225-->[androidx.work:work-runtime:2.8.1] AndroidManifest.xml:140:17-88
225-->[androidx.work:work-runtime:2.8.1] AndroidManifest.xml:140:25-85
226            </intent-filter>
227        </receiver>
228
229        <uses-library
229-->[androidx.window:window:1.2.0] AndroidManifest.xml:23:9-25:40
230            android:name="androidx.window.extensions"
230-->[androidx.window:window:1.2.0] AndroidManifest.xml:24:13-54
231            android:required="false" />
231-->[androidx.window:window:1.2.0] AndroidManifest.xml:25:13-37
232        <uses-library
232-->[androidx.window:window:1.2.0] AndroidManifest.xml:26:9-28:40
233            android:name="androidx.window.sidecar"
233-->[androidx.window:window:1.2.0] AndroidManifest.xml:27:13-51
234            android:required="false" /> <!-- Needs to be explicitly declared on P+ -->
234-->[androidx.window:window:1.2.0] AndroidManifest.xml:28:13-37
235        <uses-library
235-->[com.google.android.gms:play-services-maps:18.2.0] AndroidManifest.xml:39:9-41:40
236            android:name="org.apache.http.legacy"
236-->[com.google.android.gms:play-services-maps:18.2.0] AndroidManifest.xml:40:13-50
237            android:required="false" />
237-->[com.google.android.gms:play-services-maps:18.2.0] AndroidManifest.xml:41:13-37
238
239        <activity
239-->[com.google.android.gms:play-services-base:18.3.0] AndroidManifest.xml:20:9-22:45
240            android:name="com.google.android.gms.common.api.GoogleApiActivity"
240-->[com.google.android.gms:play-services-base:18.3.0] AndroidManifest.xml:20:19-85
241            android:exported="false"
241-->[com.google.android.gms:play-services-base:18.3.0] AndroidManifest.xml:22:19-43
242            android:theme="@android:style/Theme.Translucent.NoTitleBar" />
242-->[com.google.android.gms:play-services-base:18.3.0] AndroidManifest.xml:21:19-78
243
244        <meta-data
244-->[com.google.android.gms:play-services-basement:18.3.0] AndroidManifest.xml:21:9-23:69
245            android:name="com.google.android.gms.version"
245-->[com.google.android.gms:play-services-basement:18.3.0] AndroidManifest.xml:22:13-58
246            android:value="@integer/google_play_services_version" />
246-->[com.google.android.gms:play-services-basement:18.3.0] AndroidManifest.xml:23:13-66
247
248        <service
248-->[androidx.room:room-runtime:2.5.0] AndroidManifest.xml:24:9-28:63
249            android:name="androidx.room.MultiInstanceInvalidationService"
249-->[androidx.room:room-runtime:2.5.0] AndroidManifest.xml:25:13-74
250            android:directBootAware="true"
250-->[androidx.room:room-runtime:2.5.0] AndroidManifest.xml:26:13-43
251            android:exported="false" />
251-->[androidx.room:room-runtime:2.5.0] AndroidManifest.xml:27:13-37
252
253        <receiver
253-->[androidx.profileinstaller:profileinstaller:1.3.1] AndroidManifest.xml:34:9-52:20
254            android:name="androidx.profileinstaller.ProfileInstallReceiver"
254-->[androidx.profileinstaller:profileinstaller:1.3.1] AndroidManifest.xml:35:13-76
255            android:directBootAware="false"
255-->[androidx.profileinstaller:profileinstaller:1.3.1] AndroidManifest.xml:36:13-44
256            android:enabled="true"
256-->[androidx.profileinstaller:profileinstaller:1.3.1] AndroidManifest.xml:37:13-35
257            android:exported="true"
257-->[androidx.profileinstaller:profileinstaller:1.3.1] AndroidManifest.xml:38:13-36
258            android:permission="android.permission.DUMP" >
258-->[androidx.profileinstaller:profileinstaller:1.3.1] AndroidManifest.xml:39:13-57
259            <intent-filter>
259-->[androidx.profileinstaller:profileinstaller:1.3.1] AndroidManifest.xml:40:13-42:29
260                <action android:name="androidx.profileinstaller.action.INSTALL_PROFILE" />
260-->[androidx.profileinstaller:profileinstaller:1.3.1] AndroidManifest.xml:41:17-91
260-->[androidx.profileinstaller:profileinstaller:1.3.1] AndroidManifest.xml:41:25-88
261            </intent-filter>
262            <intent-filter>
262-->[androidx.profileinstaller:profileinstaller:1.3.1] AndroidManifest.xml:43:13-45:29
263                <action android:name="androidx.profileinstaller.action.SKIP_FILE" />
263-->[androidx.profileinstaller:profileinstaller:1.3.1] AndroidManifest.xml:44:17-85
263-->[androidx.profileinstaller:profileinstaller:1.3.1] AndroidManifest.xml:44:25-82
264            </intent-filter>
265            <intent-filter>
265-->[androidx.profileinstaller:profileinstaller:1.3.1] AndroidManifest.xml:46:13-48:29
266                <action android:name="androidx.profileinstaller.action.SAVE_PROFILE" />
266-->[androidx.profileinstaller:profileinstaller:1.3.1] AndroidManifest.xml:47:17-88
266-->[androidx.profileinstaller:profileinstaller:1.3.1] AndroidManifest.xml:47:25-85
267            </intent-filter>
268            <intent-filter>
268-->[androidx.profileinstaller:profileinstaller:1.3.1] AndroidManifest.xml:49:13-51:29
269                <action android:name="androidx.profileinstaller.action.BENCHMARK_OPERATION" />
269-->[androidx.profileinstaller:profileinstaller:1.3.1] AndroidManifest.xml:50:17-95
269-->[androidx.profileinstaller:profileinstaller:1.3.1] AndroidManifest.xml:50:25-92
270            </intent-filter>
271        </receiver>
272    </application>
273
274</manifest>